# JRE version: Java(TM) SE Runtime Environment (17.0.12+8) (build 17.0.12+8-LTS-286)
# Java VM: Java HotSpot(TM) 64-Bit Server VM (17.0.12+8-LTS-286, mixed mode, emulated-client, sharing, tiered, compressed oops, compressed class ptrs, g1 gc, bsd-amd64)
GC Precious Log:
 CPUs: 8 total, 8 available
 Memory: 8192M
 Large Page Support: Disabled
 NUMA Support: Disabled
 Compressed Oops: Enabled (Zero based)
 Heap Region Size: 1M
 Heap Min Capacity: 8M
 Heap Initial Capacity: 128M
 Heap Max Capacity: 2G
 Pre-touch: Disabled
 Parallel Workers: 8
 Concurrent Workers: 2
 Concurrent Refinement Workers: 8
 Periodic GC: Disabled
Heap:
 garbage-first heap   total 143360K, used 40259K [0x0000000780000000, 0x0000000800000000)
  region size 1024K, 2 young (2048K), 1 survivors (1024K)
 Metaspace       used 78021K, committed 78784K, reserved 1179648K
  class space    used 11482K, committed 11776K, reserved 1048576K
GC Heap History (20 events):
Event: 3360.796 GC heap before
{Heap before GC invocations=47 (full 0):
 garbage-first heap   total 143360K, used 122250K [0x0000000780000000, 0x0000000800000000)
  region size 1024K, 83 young (84992K), 1 survivors (1024K)
 Metaspace       used 78001K, committed 78784K, reserved 1179648K
  class space    used 11476K, committed 11776K, reserved 1048576K
}
Event: 3360.806 GC heap after
{Heap after GC invocations=48 (full 0):
 garbage-first heap   total 143360K, used 39665K [0x0000000780000000, 0x0000000800000000)
  region size 1024K, 1 young (1024K), 1 survivors (1024K)
 Metaspace       used 78001K, committed 78784K, reserved 1179648K
  class space    used 11476K, committed 11776K, reserved 1048576K
}
Event: 4095.558 GC heap before
{Heap before GC invocations=49 (full 0):
 garbage-first heap   total 143360K, used 123633K [0x0000000780000000, 0x0000000800000000)
  region size 1024K, 83 young (84992K), 1 survivors (1024K)
 Metaspace       used 78001K, committed 78784K, reserved 1179648K
  class space    used 11476K, committed 11776K, reserved 1048576K
}
Event: 4095.628 GC heap after
{Heap after GC invocations=50 (full 0):
 garbage-first heap   total 143360K, used 40128K [0x0000000780000000, 0x0000000800000000)
  region size 1024K, 1 young (1024K), 1 survivors (1024K)
 Metaspace       used 78001K, committed 78784K, reserved 1179648K
  class space    used 11476K, committed 11776K, reserved 1048576K
}
Event: 4200.133 GC heap before
{Heap before GC invocations=50 (full 0):
 garbage-first heap   total 143360K, used 46272K [0x0000000780000000, 0x0000000800000000)
  region size 1024K, 7 young (7168K), 1 survivors (1024K)
 Metaspace       used 78001K, committed 78784K, reserved 1179648K
  class space    used 11476K, committed 11776K, reserved 1048576K
}
Event: 4200.223 GC heap after
{Heap after GC invocations=51 (full 0):
 garbage-first heap   total 143360K, used 39932K [0x0000000780000000, 0x0000000800000000)
  region size 1024K, 1 young (1024K), 1 survivors (1024K)
 Metaspace       used 78001K, committed 78784K, reserved 1179648K
  class space    used 11476K, committed 11776K, reserved 1048576K
}
Event: 5383.744 GC heap before
{Heap before GC invocations=51 (full 0):
 garbage-first heap   total 143360K, used 122876K [0x0000000780000000, 0x0000000800000000)
  region size 1024K, 82 young (83968K), 1 survivors (1024K)
 Metaspace       used 78008K, committed 78784K, reserved 1179648K
  class space    used 11477K, committed 11776K, reserved 1048576K
}
Event: 5383.789 GC heap after
{Heap after GC invocations=52 (full 0):
 garbage-first heap   total 143360K, used 40517K [0x0000000780000000, 0x0000000800000000)
  region size 1024K, 1 young (1024K), 1 survivors (1024K)
 Metaspace       used 78008K, committed 78784K, reserved 1179648K
  class space    used 11477K, committed 11776K, reserved 1048576K
}
Event: 6519.876 GC heap before
{Heap before GC invocations=53 (full 0):
 garbage-first heap   total 143360K, used 123461K [0x0000000780000000, 0x0000000800000000)
  region size 1024K, 82 young (83968K), 1 survivors (1024K)
 Metaspace       used 77983K, committed 78784K, reserved 1179648K
  class space    used 11473K, committed 11776K, reserved 1048576K
}
Event: 6519.916 GC heap after
{Heap after GC invocations=54 (full 0):
 garbage-first heap   total 143360K, used 40872K [0x0000000780000000, 0x0000000800000000)
  region size 1024K, 1 young (1024K), 1 survivors (1024K)
 Metaspace       used 77983K, committed 78784K, reserved 1179648K
  class space    used 11473K, committed 11776K, reserved 1048576K
}
Event: 6625.416 GC heap before
{Heap before GC invocations=54 (full 0):
 garbage-first heap   total 143360K, used 47016K [0x0000000780000000, 0x0000000800000000)
  region size 1024K, 7 young (7168K), 1 survivors (1024K)
 Metaspace       used 77983K, committed 78784K, reserved 1179648K
  class space    used 11473K, committed 11776K, reserved 1048576K
}
Event: 6625.529 GC heap after
{Heap after GC invocations=55 (full 0):
 garbage-first heap   total 143360K, used 39694K [0x0000000780000000, 0x0000000800000000)
  region size 1024K, 1 young (1024K), 1 survivors (1024K)
 Metaspace       used 77983K, committed 78784K, reserved 1179648K
  class space    used 11473K, committed 11776K, reserved 1048576K
}
Event: 7683.799 GC heap before
{Heap before GC invocations=55 (full 0):
 garbage-first heap   total 143360K, used 122638K [0x0000000780000000, 0x0000000800000000)
  region size 1024K, 83 young (84992K), 1 survivors (1024K)
 Metaspace       used 78020K, committed 78784K, reserved 1179648K
  class space    used 11482K, committed 11776K, reserved 1048576K
}
Event: 7683.852 GC heap after
{Heap after GC invocations=56 (full 0):
 garbage-first heap   total 143360K, used 40611K [0x0000000780000000, 0x0000000800000000)
  region size 1024K, 1 young (1024K), 1 survivors (1024K)
 Metaspace       used 78020K, committed 78784K, reserved 1179648K
  class space    used 11482K, committed 11776K, reserved 1048576K
}
Event: 8841.943 GC heap before
{Heap before GC invocations=57 (full 0):
 garbage-first heap   total 143360K, used 123555K [0x0000000780000000, 0x0000000800000000)
  region size 1024K, 83 young (84992K), 1 survivors (1024K)
 Metaspace       used 78014K, committed 78784K, reserved 1179648K
  class space    used 11481K, committed 11776K, reserved 1048576K
}
Event: 8841.968 GC heap after
{Heap after GC invocations=58 (full 0):
 garbage-first heap   total 143360K, used 40503K [0x0000000780000000, 0x0000000800000000)
  region size 1024K, 1 young (1024K), 1 survivors (1024K)
 Metaspace       used 78014K, committed 78784K, reserved 1179648K
  class space    used 11481K, committed 11776K, reserved 1048576K
}
Event: 8886.522 GC heap before
{Heap before GC invocations=58 (full 0):
 garbage-first heap   total 143360K, used 45623K [0x0000000780000000, 0x0000000800000000)
  region size 1024K, 7 young (7168K), 1 survivors (1024K)
 Metaspace       used 78014K, committed 78784K, reserved 1179648K
  class space    used 11481K, committed 11776K, reserved 1048576K
}
Event: 8886.580 GC heap after
{Heap after GC invocations=59 (full 0):
 garbage-first heap   total 143360K, used 39889K [0x0000000780000000, 0x0000000800000000)
  region size 1024K, 1 young (1024K), 1 survivors (1024K)
 Metaspace       used 78014K, committed 78784K, reserved 1179648K
  class space    used 11481K, committed 11776K, reserved 1048576K
}
Event: 9905.188 GC heap before
{Heap before GC invocations=59 (full 0):
 garbage-first heap   total 143360K, used 122833K [0x0000000780000000, 0x0000000800000000)
  region size 1024K, 83 young (84992K), 1 survivors (1024K)
 Metaspace       used 78021K, committed 78784K, reserved 1179648K
  class space    used 11482K, committed 11776K, reserved 1048576K
}
Event: 9905.228 GC heap after
{Heap after GC invocations=60 (full 0):
 garbage-first heap   total 143360K, used 40259K [0x0000000780000000, 0x0000000800000000)
  region size 1024K, 1 young (1024K), 1 survivors (1024K)
 Metaspace       used 78021K, committed 78784K, reserved 1179648K
  class space    used 11482K, committed 11776K, reserved 1048576K
}

